<?xml version="1.0" encoding="UTF-8"?>
<testng-results skipped="0" failed="0" ignored="1" total="2" passed="1">
  <reporter-output>
  </reporter-output>
  <suite name="Default suite" duration-ms="3723" started-at="2019-01-15T11:03:46Z" finished-at="2019-01-15T11:03:50Z">
    <groups>
    </groups>
    <test name="Default test" duration-ms="3723" started-at="2019-01-15T11:03:46Z" finished-at="2019-01-15T11:03:50Z">
      <class name="GetRequest.GetData">
        <test-method status="PASS" signature="testResponseCode()[pri:0, instance:GetRequest.GetData@4678c730]" name="testResponseCode" duration-ms="3685" started-at="2019-01-15T11:03:46Z" finished-at="2019-01-15T11:03:50Z">
          <reporter-output>
          </reporter-output>
        </test-method> <!-- testResponseCode -->
      </class> <!-- GetRequest.GetData -->
    </test> <!-- Default test -->
  </suite> <!-- Default suite -->
</testng-results>
